<?xml version="1.0" encoding="UTF-8"?>
<testng-results ignored="0" total="5" passed="5" failed="0" skipped="0">
  <reporter-output>
  </reporter-output>
  <suite started-at="2025-04-18T17:32:41 IST" name="Suite" finished-at="2025-04-18T17:36:02 IST" duration-ms="200085">
    <groups>
      <group name="regression">
        <method signature="BatchTest1.test1()[pri:0, instance:com.testng.example.BatchTest1@6771beb3]" name="test1" class="com.testng.example.BatchTest1"/>
        <method signature="BatchTest1.test2()[pri:0, instance:com.testng.example.BatchTest1@6771beb3]" name="test2" class="com.testng.example.BatchTest1"/>
        <method signature="BatchTest1.test3()[pri:0, instance:com.testng.example.BatchTest1@6771beb3]" name="test3" class="com.testng.example.BatchTest1"/>
        <method signature="BatchTest2.demo2()[pri:0, instance:com.testng.example.BatchTest2@33d512c1]" name="demo2" class="com.testng.example.BatchTest2"/>
      </group> <!-- regression -->
      <group name="smoke">
        <method signature="BatchTest1.test2()[pri:0, instance:com.testng.example.BatchTest1@6771beb3]" name="test2" class="com.testng.example.BatchTest1"/>
        <method signature="BatchTest2.demo1()[pri:0, instance:com.testng.example.BatchTest2@33d512c1]" name="demo1" class="com.testng.example.BatchTest2"/>
      </group> <!-- smoke -->
    </groups>
    <test started-at="2025-04-18T17:32:41 IST" name="Test" finished-at="2025-04-18T17:36:02 IST" duration-ms="200085">
      <class name="com.testng.example.BatchTest2">
        <test-method signature="demo1()[pri:0, instance:com.testng.example.BatchTest2@33d512c1]" started-at="2025-04-18T17:32:42 IST" name="demo1" finished-at="2025-04-18T17:34:22 IST" duration-ms="100020" status="PASS">
          <reporter-output>
          </reporter-output>
        </test-method> <!-- demo1 -->
        <test-method signature="demo2()[pri:0, instance:com.testng.example.BatchTest2@33d512c1]" started-at="2025-04-18T17:34:22 IST" name="demo2" finished-at="2025-04-18T17:36:02 IST" duration-ms="100014" status="PASS">
          <reporter-output>
          </reporter-output>
        </test-method> <!-- demo2 -->
      </class> <!-- com.testng.example.BatchTest2 -->
      <class name="com.testng.example.BatchTest1">
        <test-method signature="test1()[pri:0, instance:com.testng.example.BatchTest1@6771beb3]" started-at="2025-04-18T17:36:02 IST" name="test1" finished-at="2025-04-18T17:36:02 IST" duration-ms="2" status="PASS">
          <reporter-output>
          </reporter-output>
        </test-method> <!-- test1 -->
        <test-method signature="test2()[pri:0, instance:com.testng.example.BatchTest1@6771beb3]" started-at="2025-04-18T17:36:02 IST" name="test2" finished-at="2025-04-18T17:36:02 IST" duration-ms="1" status="PASS">
          <reporter-output>
          </reporter-output>
        </test-method> <!-- test2 -->
        <test-method signature="test3()[pri:0, instance:com.testng.example.BatchTest1@6771beb3]" started-at="2025-04-18T17:36:02 IST" name="test3" finished-at="2025-04-18T17:36:02 IST" duration-ms="1" status="PASS">
          <reporter-output>
          </reporter-output>
        </test-method> <!-- test3 -->
      </class> <!-- com.testng.example.BatchTest1 -->
    </test> <!-- Test -->
  </suite> <!-- Suite -->
</testng-results>
