<?xml version="1.0" encoding="UTF-8"?>
<!-- Generated by org.testng.reporters.JUnitXMLReporter -->
<testsuite ignored="0" hostname="TYSS-Madhumitha" failures="0" tests="1" name="Test1" time="0.084" errors="0" timestamp="2025-04-18T16:58:19 IST">
  <testcase classname="Utilities.BaseClass" name="@BeforeSuite startServer" time="-1.744975699613E9">
    <failure type="org.testng.TestNGException" message="
Parameter &amp;apos;deviceName, UDID, port&amp;apos; is required by BeforeSuite on method startServer but has not been marked @Optional or defined
in C:\Users\User\Appium-recording\com.GroceryStore\Parallel_testng.xml">
      <![CDATA[org.testng.TestNGException: 
Parameter 'deviceName, UDID, port' is required by BeforeSuite on method startServer but has not been marked @Optional or defined
in C:\Users\User\Appium-recording\com.GroceryStore\Parallel_testng.xml
... Removed 16 stack frames]]>
    </failure>
  </testcase> <!-- @BeforeSuite startServer -->
  <testcase classname="Utilities.BaseClass" name="@BeforeClass launchApp" time="0.0">
    <skipped/>
  </testcase> <!-- @BeforeClass launchApp -->
  <testcase classname="Utilities.BaseClass" name="@BeforeMethod login" time="0.0">
    <skipped/>
  </testcase> <!-- @BeforeMethod login -->
  <testcase classname="Utilities.BaseClass" name="@AfterMethod logout" time="0.0">
    <skipped/>
  </testcase> <!-- @AfterMethod logout -->
  <testcase classname="Utilities.BaseClass" name="@AfterClass closeApp" time="0.0">
    <skipped/>
  </testcase> <!-- @AfterClass closeApp -->
  <testcase classname="com.testng.example.Parallel_Test" name="parallel" time="0.0">
    <skipped/>
  </testcase> <!-- parallel -->
</testsuite> <!-- Test1 -->
