<?xml version="1.0" encoding="UTF-8"?>
<!-- Generated by org.testng.reporters.JUnitXMLReporter -->
<testsuite ignored="0" hostname="TYSS-Madhumitha" failures="0" tests="5" name="Test" time="200.085" errors="0" timestamp="2025-04-18T17:36:02 IST">
  <testcase classname="com.testng.example.BatchTest2" name="demo1" time="100.02"/>
  <testcase classname="com.testng.example.BatchTest2" name="demo2" time="100.014"/>
  <testcase classname="com.testng.example.BatchTest1" name="test1" time="0.002"/>
  <testcase classname="com.testng.example.BatchTest1" name="test2" time="0.001"/>
  <testcase classname="com.testng.example.BatchTest1" name="test3" time="0.001"/>
</testsuite> <!-- Test -->
