<?xml version="1.0" encoding="UTF-8"?>
<!-- Generated by org.testng.reporters.JUnitXMLReporter -->
<testsuite ignored="1" hostname="TYSS-Madhumitha" failures="0" tests="1" name="Default test" time="0.036" errors="0" timestamp="2025-04-18T17:32:11 IST">
  <testcase classname="com.testng.example.Parallel_Test" name="parallel" time="0.007"/>
  <testcase classname="com.testng.example.Parallel_Test" name="parallel2" time="0.0">
    <ignored/>
  </testcase> <!-- parallel2 -->
</testsuite> <!-- Default test -->
